android/app/build/intermediates/manifest_merge_blame_file/debug/manifest-merger-blame-debug-report.txt
1<?xml version="1.0" encoding="utf-8"?>
2<manifest xmlns:android="http://schemas.android.com/apk/res/android"
3    package="com.proje1"
4    android:versionCode="1"
5    android:versionName="1.0" >
6
7    <uses-sdk
8        android:minSdkVersion="21"
9        android:targetSdkVersion="29" />
10
11    <uses-permission android:name="android.permission.SYSTEM_ALERT_WINDOW" />
11-->src\debug\AndroidManifest.xml:5:5-77
11-->src\debug\AndroidManifest.xml:5:22-75
12    <uses-permission android:name="android.permission.CAMERA" />
12-->src\debug\AndroidManifest.xml:6:5-64
12-->src\debug\AndroidManifest.xml:6:22-62
13    <uses-permission android:name="android.permission.WRITE_EXTERNAL_STORAGE" />
13-->src\debug\AndroidManifest.xml:7:5-80
13-->src\debug\AndroidManifest.xml:7:22-78
14    <uses-permission android:name="android.permission.INTERNET" />
14-->src\main\AndroidManifest.xml:4:5-67
14-->src\main\AndroidManifest.xml:4:22-64
15    <uses-permission android:name="android.permission.ACCESS_WIFI_STATE" />
15-->[com.facebook.flipper:flipper:0.54.0] AndroidManifest.xml:16:5-76
15-->[com.facebook.flipper:flipper:0.54.0] AndroidManifest.xml:16:22-73
16    <uses-permission android:name="android.permission.WAKE_LOCK" />
16-->[:react-native-firebase_storage] AndroidManifest.xml:12:5-68
16-->[:react-native-firebase_storage] AndroidManifest.xml:12:22-65
17    <uses-permission android:name="android.permission.ACCESS_NETWORK_STATE" /> <!-- TODO(salakar) Not sure if this should be part of the package manifest or leave to users app manifest code? -->
17-->[:react-native-firebase_storage] AndroidManifest.xml:13:5-79
17-->[:react-native-firebase_storage] AndroidManifest.xml:13:22-76
18    <uses-permission android:name="android.permission.READ_EXTERNAL_STORAGE" />
18-->[:react-native-firebase_storage] AndroidManifest.xml:15:5-80
18-->[:react-native-firebase_storage] AndroidManifest.xml:15:22-77
19
20    <application
20-->src\main\AndroidManifest.xml:6:5-25:19
21        android:name="com.proje1.MainApplication"
21-->src\main\AndroidManifest.xml:7:7-38
22        android:allowBackup="false"
22-->src\main\AndroidManifest.xml:11:7-34
23        android:appComponentFactory="androidx.core.app.CoreComponentFactory"
23-->[androidx.core:core:1.3.1] AndroidManifest.xml:24:18-86
24        android:debuggable="true"
25        android:icon="@mipmap/ic_launcher"
25-->src\main\AndroidManifest.xml:9:7-41
26        android:label="@string/app_name"
26-->src\main\AndroidManifest.xml:8:7-39
27        android:roundIcon="@mipmap/ic_launcher_round"
27-->src\main\AndroidManifest.xml:10:7-52
28        android:theme="@style/AppTheme"
28-->src\main\AndroidManifest.xml:12:7-38
29        android:usesCleartextTraffic="true" >
29-->src\debug\AndroidManifest.xml:9:18-53
30        <activity
30-->src\main\AndroidManifest.xml:13:7-23:18
31            android:name="com.proje1.MainActivity"
31-->src\main\AndroidManifest.xml:14:9-37
32            android:configChanges="keyboard|keyboardHidden|orientation|screenSize|uiMode"
32-->src\main\AndroidManifest.xml:16:9-86
33            android:label="@string/app_name"
33-->src\main\AndroidManifest.xml:15:9-41
34            android:launchMode="singleTask"
34-->src\main\AndroidManifest.xml:17:9-40
35            android:windowSoftInputMode="adjustResize" >
35-->src\main\AndroidManifest.xml:18:9-51
36            <intent-filter>
36-->src\main\AndroidManifest.xml:19:9-22:25
37                <action android:name="android.intent.action.MAIN" />
37-->src\main\AndroidManifest.xml:20:13-65
37-->src\main\AndroidManifest.xml:20:21-62
38
39                <category android:name="android.intent.category.LAUNCHER" />
39-->src\main\AndroidManifest.xml:21:13-73
39-->src\main\AndroidManifest.xml:21:23-70
40            </intent-filter>
41        </activity>
42        <activity android:name="com.facebook.react.devsupport.DevSettingsActivity" />
42-->src\main\AndroidManifest.xml:24:7-84
42-->src\main\AndroidManifest.xml:24:17-81
43
44        <provider
44-->[:react-native-image-picker] AndroidManifest.xml:12:9-20:20
45            android:name="com.imagepicker.ImagePickerProvider"
45-->[:react-native-image-picker] AndroidManifest.xml:13:13-63
46            android:authorities="com.proje1.imagepickerprovider"
46-->[:react-native-image-picker] AndroidManifest.xml:14:13-71
47            android:exported="false"
47-->[:react-native-image-picker] AndroidManifest.xml:15:13-37
48            android:grantUriPermissions="true" >
48-->[:react-native-image-picker] AndroidManifest.xml:16:13-47
49            <meta-data
49-->[:react-native-image-picker] AndroidManifest.xml:17:13-19:70
50                android:name="android.support.FILE_PROVIDER_PATHS"
50-->[:react-native-image-picker] AndroidManifest.xml:18:17-67
51                android:resource="@xml/imagepicker_provider_paths" />
51-->[:react-native-image-picker] AndroidManifest.xml:19:17-67
52        </provider>
53
54        <service
54-->[com.google.firebase:firebase-storage:19.2.1] AndroidManifest.xml:30:9-36:19
55            android:name="com.google.firebase.components.ComponentDiscoveryService"
55-->[com.google.firebase:firebase-storage:19.2.1] AndroidManifest.xml:31:13-84
56            android:directBootAware="true"
56-->[com.google.firebase:firebase-common:19.5.0] AndroidManifest.xml:35:13-43
57            android:exported="false" >
57-->[com.google.firebase:firebase-storage:19.2.1] AndroidManifest.xml:32:13-37
58            <meta-data
58-->[com.google.firebase:firebase-storage:19.2.1] AndroidManifest.xml:33:13-35:85
59                android:name="com.google.firebase.components:com.google.firebase.storage.StorageRegistrar"
59-->[com.google.firebase:firebase-storage:19.2.1] AndroidManifest.xml:34:17-107
60                android:value="com.google.firebase.components.ComponentRegistrar" />
60-->[com.google.firebase:firebase-storage:19.2.1] AndroidManifest.xml:35:17-82
61            <!--
62                This registrar is not defined in the dynamic-module-support sdk itself to allow non-firebase
63                clients to use it as well, by defining this registrar in their own core/common library.
64            -->
65            <meta-data
65-->[com.google.firebase:firebase-common:19.5.0] AndroidManifest.xml:43:13-45:85
66                android:name="com.google.firebase.components:com.google.firebase.dynamicloading.DynamicLoadingRegistrar"
66-->[com.google.firebase:firebase-common:19.5.0] AndroidManifest.xml:44:17-121
67                android:value="com.google.firebase.components.ComponentRegistrar" />
67-->[com.google.firebase:firebase-common:19.5.0] AndroidManifest.xml:45:17-82
68        </service>
69
70        <provider
70-->[com.google.firebase:firebase-common:19.5.0] AndroidManifest.xml:26:9-31:39
71            android:name="com.google.firebase.provider.FirebaseInitProvider"
71-->[com.google.firebase:firebase-common:19.5.0] AndroidManifest.xml:27:13-77
72            android:authorities="com.proje1.firebaseinitprovider"
72-->[com.google.firebase:firebase-common:19.5.0] AndroidManifest.xml:28:13-72
73            android:directBootAware="true"
73-->[com.google.firebase:firebase-common:19.5.0] AndroidManifest.xml:29:13-43
74            android:exported="false"
74-->[com.google.firebase:firebase-common:19.5.0] AndroidManifest.xml:30:13-37
75            android:initOrder="100" />
75-->[com.google.firebase:firebase-common:19.5.0] AndroidManifest.xml:31:13-36
76
77        <activity
77-->[com.google.android.gms:play-services-auth:19.0.0] AndroidManifest.xml:23:9-27:75
78            android:name="com.google.android.gms.auth.api.signin.internal.SignInHubActivity"
78-->[com.google.android.gms:play-services-auth:19.0.0] AndroidManifest.xml:24:13-93
79            android:excludeFromRecents="true"
79-->[com.google.android.gms:play-services-auth:19.0.0] AndroidManifest.xml:25:13-46
80            android:exported="false"
80-->[com.google.android.gms:play-services-auth:19.0.0] AndroidManifest.xml:26:13-37
81            android:theme="@android:style/Theme.Translucent.NoTitleBar" />
81-->[com.google.android.gms:play-services-auth:19.0.0] AndroidManifest.xml:27:13-72
82        <!--
83            Service handling Google Sign-In user revocation. For apps that do not integrate with
84            Google Sign-In, this service will never be started.
85        -->
86        <service
86-->[com.google.android.gms:play-services-auth:19.0.0] AndroidManifest.xml:33:9-37:51
87            android:name="com.google.android.gms.auth.api.signin.RevocationBoundService"
87-->[com.google.android.gms:play-services-auth:19.0.0] AndroidManifest.xml:34:13-89
88            android:exported="true"
88-->[com.google.android.gms:play-services-auth:19.0.0] AndroidManifest.xml:35:13-36
89            android:permission="com.google.android.gms.auth.api.signin.permission.REVOCATION_NOTIFICATION"
89-->[com.google.android.gms:play-services-auth:19.0.0] AndroidManifest.xml:36:13-107
90            android:visibleToInstantApps="true" />
90-->[com.google.android.gms:play-services-auth:19.0.0] AndroidManifest.xml:37:13-48
91
92        <activity
92-->[com.google.android.gms:play-services-base:17.1.0] AndroidManifest.xml:23:9-26:75
93            android:name="com.google.android.gms.common.api.GoogleApiActivity"
93-->[com.google.android.gms:play-services-base:17.1.0] AndroidManifest.xml:24:13-79
94            android:exported="false"
94-->[com.google.android.gms:play-services-base:17.1.0] AndroidManifest.xml:25:13-37
95            android:theme="@android:style/Theme.Translucent.NoTitleBar" />
95-->[com.google.android.gms:play-services-base:17.1.0] AndroidManifest.xml:26:13-72
96
97        <meta-data
97-->[com.google.android.gms:play-services-basement:17.1.1] AndroidManifest.xml:23:9-25:69
98            android:name="com.google.android.gms.version"
98-->[com.google.android.gms:play-services-basement:17.1.1] AndroidManifest.xml:24:13-58
99            android:value="@integer/google_play_services_version" />
99-->[com.google.android.gms:play-services-basement:17.1.1] AndroidManifest.xml:25:13-66
100    </application>
101
102</manifest>